<?xml version="1.0" encoding="UTF-8"?>
<testng-results ignored="0" total="3" passed="3" failed="0" skipped="0">
  <reporter-output>
    <line>
      <![CDATA[[INFO ] [2022-12-12 14:57:18,108] Register - Step 01: Navigate to Register page
<br>]]>
    </line>
    <line>
      <![CDATA[[INFO ] [2022-12-12 14:57:19,824] Register - Step 02: click to Radio button
<br>]]>
    </line>
    <line>
      <![CDATA[[INFO ] [2022-12-12 14:57:20,007] Register - Step 03: Enter to Firstname textbox with value is Cuong Truong
<br>]]>
    </line>
    <line>
      <![CDATA[[INFO ] [2022-12-12 14:57:20,356] Register - Step 04: Enter to Lastname textbox with value is Truong
<br>]]>
    </line>
    <line>
      <![CDATA[[INFO ] [2022-12-12 14:57:20,619] Register - Step 05: Select DateOfBirthDay, DateOfBirthMonth, DateOfBirthYear
<br>]]>
    </line>
    <line>
      <![CDATA[[INFO ] [2022-12-12 14:57:21,229] Register - Step 06: Enter to Email Adrress textbox with value is khanhcuong3886@gmail.com
<br>]]>
    </line>
    <line>
      <![CDATA[[INFO ] [2022-12-12 14:57:21,539] Register - Step 07: Click to Checkbox Newsletter
<br>]]>
    </line>
    <line>
      <![CDATA[[INFO ] [2022-12-12 14:57:21,656] Register - Step 08: Enter to Company textbox with value is LG Electronics
<br>]]>
    </line>
    <line>
      <![CDATA[[INFO ] [2022-12-12 14:57:21,952] Register - Step 09: Enter to Password textbox with value is 123456
<br>]]>
    </line>
    <line>
      <![CDATA[[INFO ] [2022-12-12 14:57:22,168] Register - Step 10: Enter to ConfirmPassword textbox with value is 123456
<br>]]>
    </line>
    <line>
      <![CDATA[[INFO ] [2022-12-12 14:57:22,370] Register - Step 11: Click to Register button
<br>]]>
    </line>
    <line>
      <![CDATA[[INFO ] [2022-12-12 14:57:23,665] Register - Step 12: Verify Register Success Message is displayed
<br>]]>
    </line>
    <line>
      <![CDATA[[INFO ] [2022-12-12 14:57:23,772]  -------------------------- PASSED -------------------------- 
<br>]]>
    </line>
    <line>
      <![CDATA[[INFO ] [2022-12-12 14:57:23,826] Login - Step 01: Navigate to Login page
<br>]]>
    </line>
    <line>
      <![CDATA[[INFO ] [2022-12-12 14:57:25,582] Login - Step 02: Enter to email textbox with value is khanhcuong3886@gmail.com
<br>]]>
    </line>
    <line>
      <![CDATA[[INFO ] [2022-12-12 14:57:25,891] Login - Step 03: Enter to password textbox with value is 123456
<br>]]>
    </line>
    <line>
      <![CDATA[[INFO ] [2022-12-12 14:57:26,091] Login - Step 04: Click to login button
<br>]]>
    </line>
    <line>
      <![CDATA[[INFO ] [2022-12-12 14:57:26,896] Login - Step 05: Verify My Account Link is displayed
<br>]]>
    </line>
    <line>
      <![CDATA[[INFO ] [2022-12-12 14:57:27,004]  -------------------------- PASSED -------------------------- 
<br>]]>
    </line>
    <line>
      <![CDATA[[INFO ] [2022-12-12 14:57:27,014] MyAccount - Step 01: Navigate to My Account Page
<br>]]>
    </line>
    <line>
      <![CDATA[[INFO ] [2022-12-12 14:57:27,841] MyAccount - Step 02: Verify Customer Info page is displayed
<br>]]>
    </line>
    <line>
      <![CDATA[[INFO ] [2022-12-12 14:57:27,945]  -------------------------- PASSED -------------------------- 
<br>]]>
    </line>
    <line>
      <![CDATA[[INFO ] [2022-12-12 14:57:27,945] MyAccount - Step 03: Verify First Name value is correct
<br>]]>
    </line>
    <line>
      <![CDATA[[INFO ] [2022-12-12 14:57:28,005] MyAccount - Step 04: Verify Last Name value is correct
<br>]]>
    </line>
    <line>
      <![CDATA[[INFO ] [2022-12-12 14:57:28,083] MyAccount - Step 05: Verify Email value is correct
<br>]]>
    </line>
    <line>
      <![CDATA[[INFO ] [2022-12-12 14:57:28,180] OS name = windows 10
<br>]]>
    </line>
    <line>
      <![CDATA[[INFO ] [2022-12-12 14:57:28,181] Driver instance name = chromedriver: chrome on windows (ead598a55d1e68287880c2445a4b9227)
<br>]]>
    </line>
  </reporter-output>
  <suite started-at="2022-12-12T07:57:10Z" name="NopCommerce - User" finished-at="2022-12-12T07:57:29Z" duration-ms="18386">
    <groups>
    </groups>
    <test started-at="2022-12-12T07:57:10Z" name="Run on Chrome" finished-at="2022-12-12T07:57:29Z" duration-ms="18386">
      <class name="com.nopcommerce.user.Level_20_Manage_Data_By_Json">
        <test-method is-config="true" signature="initBeforeSuite()[pri:0, instance:com.nopcommerce.user.Level_20_Manage_Data_By_Json@27b2faa6]" started-at="2022-12-12T07:57:10Z" name="initBeforeSuite" finished-at="2022-12-12T07:57:10Z" duration-ms="45" status="PASS">
          <reporter-output>
          </reporter-output>
        </test-method> <!-- initBeforeSuite -->
        <test-method is-config="true" signature="beforeClass(java.lang.String)[pri:0, instance:com.nopcommerce.user.Level_20_Manage_Data_By_Json@27b2faa6]" started-at="2022-12-12T07:57:10Z" name="beforeClass" finished-at="2022-12-12T07:57:17Z" duration-ms="7222" status="PASS">
          <params>
            <param index="0">
              <value>
                <![CDATA[chrome]]>
              </value>
            </param>
          </params>
          <reporter-output>
          </reporter-output>
        </test-method> <!-- beforeClass -->
        <test-method signature="User_01_Register()[pri:0, instance:com.nopcommerce.user.Level_20_Manage_Data_By_Json@27b2faa6]" started-at="2022-12-12T07:57:17Z" name="User_01_Register" finished-at="2022-12-12T07:57:23Z" duration-ms="5782" status="PASS">
          <reporter-output>
            <line>
              <![CDATA[[INFO ] [2022-12-12 14:57:18,108] Register - Step 01: Navigate to Register page
<br>]]>
            </line>
            <line>
              <![CDATA[[INFO ] [2022-12-12 14:57:19,824] Register - Step 02: click to Radio button
<br>]]>
            </line>
            <line>
              <![CDATA[[INFO ] [2022-12-12 14:57:20,007] Register - Step 03: Enter to Firstname textbox with value is Cuong Truong
<br>]]>
            </line>
            <line>
              <![CDATA[[INFO ] [2022-12-12 14:57:20,356] Register - Step 04: Enter to Lastname textbox with value is Truong
<br>]]>
            </line>
            <line>
              <![CDATA[[INFO ] [2022-12-12 14:57:20,619] Register - Step 05: Select DateOfBirthDay, DateOfBirthMonth, DateOfBirthYear
<br>]]>
            </line>
            <line>
              <![CDATA[[INFO ] [2022-12-12 14:57:21,229] Register - Step 06: Enter to Email Adrress textbox with value is khanhcuong3886@gmail.com
<br>]]>
            </line>
            <line>
              <![CDATA[[INFO ] [2022-12-12 14:57:21,539] Register - Step 07: Click to Checkbox Newsletter
<br>]]>
            </line>
            <line>
              <![CDATA[[INFO ] [2022-12-12 14:57:21,656] Register - Step 08: Enter to Company textbox with value is LG Electronics
<br>]]>
            </line>
            <line>
              <![CDATA[[INFO ] [2022-12-12 14:57:21,952] Register - Step 09: Enter to Password textbox with value is 123456
<br>]]>
            </line>
            <line>
              <![CDATA[[INFO ] [2022-12-12 14:57:22,168] Register - Step 10: Enter to ConfirmPassword textbox with value is 123456
<br>]]>
            </line>
            <line>
              <![CDATA[[INFO ] [2022-12-12 14:57:22,370] Register - Step 11: Click to Register button
<br>]]>
            </line>
            <line>
              <![CDATA[[INFO ] [2022-12-12 14:57:23,665] Register - Step 12: Verify Register Success Message is displayed
<br>]]>
            </line>
            <line>
              <![CDATA[[INFO ] [2022-12-12 14:57:23,772]  -------------------------- PASSED -------------------------- 
<br>]]>
            </line>
          </reporter-output>
        </test-method> <!-- User_01_Register -->
        <test-method signature="User_02_Login()[pri:0, instance:com.nopcommerce.user.Level_20_Manage_Data_By_Json@27b2faa6]" started-at="2022-12-12T07:57:23Z" name="User_02_Login" finished-at="2022-12-12T07:57:27Z" duration-ms="3182" status="PASS">
          <reporter-output>
            <line>
              <![CDATA[[INFO ] [2022-12-12 14:57:23,826] Login - Step 01: Navigate to Login page
<br>]]>
            </line>
            <line>
              <![CDATA[[INFO ] [2022-12-12 14:57:25,582] Login - Step 02: Enter to email textbox with value is khanhcuong3886@gmail.com
<br>]]>
            </line>
            <line>
              <![CDATA[[INFO ] [2022-12-12 14:57:25,891] Login - Step 03: Enter to password textbox with value is 123456
<br>]]>
            </line>
            <line>
              <![CDATA[[INFO ] [2022-12-12 14:57:26,091] Login - Step 04: Click to login button
<br>]]>
            </line>
            <line>
              <![CDATA[[INFO ] [2022-12-12 14:57:26,896] Login - Step 05: Verify My Account Link is displayed
<br>]]>
            </line>
            <line>
              <![CDATA[[INFO ] [2022-12-12 14:57:27,004]  -------------------------- PASSED -------------------------- 
<br>]]>
            </line>
          </reporter-output>
        </test-method> <!-- User_02_Login -->
        <test-method signature="User_03_My_Account()[pri:0, instance:com.nopcommerce.user.Level_20_Manage_Data_By_Json@27b2faa6]" started-at="2022-12-12T07:57:27Z" name="User_03_My_Account" finished-at="2022-12-12T07:57:28Z" duration-ms="1162" status="PASS">
          <reporter-output>
            <line>
              <![CDATA[[INFO ] [2022-12-12 14:57:27,014] MyAccount - Step 01: Navigate to My Account Page
<br>]]>
            </line>
            <line>
              <![CDATA[[INFO ] [2022-12-12 14:57:27,841] MyAccount - Step 02: Verify Customer Info page is displayed
<br>]]>
            </line>
            <line>
              <![CDATA[[INFO ] [2022-12-12 14:57:27,945]  -------------------------- PASSED -------------------------- 
<br>]]>
            </line>
            <line>
              <![CDATA[[INFO ] [2022-12-12 14:57:27,945] MyAccount - Step 03: Verify First Name value is correct
<br>]]>
            </line>
            <line>
              <![CDATA[[INFO ] [2022-12-12 14:57:28,005] MyAccount - Step 04: Verify Last Name value is correct
<br>]]>
            </line>
            <line>
              <![CDATA[[INFO ] [2022-12-12 14:57:28,083] MyAccount - Step 05: Verify Email value is correct
<br>]]>
            </line>
          </reporter-output>
        </test-method> <!-- User_03_My_Account -->
        <test-method is-config="true" signature="afterClass()[pri:0, instance:com.nopcommerce.user.Level_20_Manage_Data_By_Json@27b2faa6]" started-at="2022-12-12T07:57:28Z" name="afterClass" finished-at="2022-12-12T07:57:29Z" duration-ms="926" status="PASS">
          <reporter-output>
            <line>
              <![CDATA[[INFO ] [2022-12-12 14:57:28,180] OS name = windows 10
<br>]]>
            </line>
            <line>
              <![CDATA[[INFO ] [2022-12-12 14:57:28,181] Driver instance name = chromedriver: chrome on windows (ead598a55d1e68287880c2445a4b9227)
<br>]]>
            </line>
          </reporter-output>
        </test-method> <!-- afterClass -->
        <test-method is-config="true" signature="copyFileEnvironmentAfterExecute()[pri:0, instance:com.nopcommerce.user.Level_20_Manage_Data_By_Json@27b2faa6]" started-at="2022-12-12T07:57:29Z" name="copyFileEnvironmentAfterExecute" finished-at="2022-12-12T07:57:29Z" duration-ms="6" status="PASS">
          <reporter-output>
          </reporter-output>
        </test-method> <!-- copyFileEnvironmentAfterExecute -->
      </class> <!-- com.nopcommerce.user.Level_20_Manage_Data_By_Json -->
    </test> <!-- Run on Chrome -->
  </suite> <!-- NopCommerce - User -->
</testng-results>
